# JRE version: OpenJDK Runtime Environment Corretto-11.0.24.8.1 (11.0.24+8) (build 11.0.24+8-LTS)
# Java VM: OpenJDK 64-Bit Server VM Corretto-11.0.24.8.1 (11.0.24+8-LTS, mixed mode, tiered, compressed oops, g1 gc, windows-amd64)
Heap:
 garbage-first heap   total 251904K, used 14376K [0x000000070ae00000, 0x0000000800000000)
  region size 1024K, 11 young (11264K), 4 survivors (4096K)
 Metaspace       used 25743K, capacity 26306K, committed 26544K, reserved 1073152K
  class space    used 2841K, capacity 3060K, committed 3072K, reserved 1048576K
GC Heap History (6 events):
Event: 0.637 GC heap before
{Heap before GC invocations=0 (full 0):
 garbage-first heap   total 251904K, used 23552K [0x000000070ae00000, 0x0000000800000000)
  region size 1024K, 24 young (24576K), 0 survivors (0K)
 Metaspace       used 15206K, capacity 15460K, committed 15488K, reserved 1062912K
  class space    used 1522K, capacity 1637K, committed 1664K, reserved 1048576K
}
Event: 0.641 GC heap after
{Heap after GC invocations=1 (full 0):
 garbage-first heap   total 251904K, used 5225K [0x000000070ae00000, 0x0000000800000000)
  region size 1024K, 3 young (3072K), 3 survivors (3072K)
 Metaspace       used 15206K, capacity 15460K, committed 15488K, reserved 1062912K
  class space    used 1522K, capacity 1637K, committed 1664K, reserved 1048576K
}
Event: 0.878 GC heap before
{Heap before GC invocations=1 (full 0):
 garbage-first heap   total 251904K, used 26729K [0x000000070ae00000, 0x0000000800000000)
  region size 1024K, 25 young (25600K), 3 survivors (3072K)
 Metaspace       used 20779K, capacity 21191K, committed 21296K, reserved 1069056K
  class space    used 2205K, capacity 2381K, committed 2432K, reserved 1048576K
}
Event: 0.882 GC heap after
{Heap after GC invocations=2 (full 0):
 garbage-first heap   total 251904K, used 6238K [0x000000070ae00000, 0x0000000800000000)
  region size 1024K, 4 young (4096K), 4 survivors (4096K)
 Metaspace       used 20779K, capacity 21191K, committed 21296K, reserved 1069056K
  class space    used 2205K, capacity 2381K, committed 2432K, reserved 1048576K
}
Event: 1.250 GC heap before
{Heap before GC invocations=3 (full 0):
 garbage-first heap   total 251904K, used 31838K [0x000000070ae00000, 0x0000000800000000)
  region size 1024K, 30 young (30720K), 4 survivors (4096K)
 Metaspace       used 25083K, capacity 25660K, committed 25776K, reserved 1073152K
  class space    used 2762K, capacity 2977K, committed 3072K, reserved 1048576K
}
Event: 1.254 GC heap after
{Heap after GC invocations=4 (full 0):
 garbage-first heap   total 251904K, used 8232K [0x000000070ae00000, 0x0000000800000000)
  region size 1024K, 4 young (4096K), 4 survivors (4096K)
 Metaspace       used 25083K, capacity 25660K, committed 25776K, reserved 1073152K
  class space    used 2762K, capacity 2977K, committed 3072K, reserved 1048576K
}

